[2023-12-21T07:31:48.748Z]info:  Message: MongoDB server succesfully connected on 12/21/2023, 1:01:48 PM |
[2023-12-21T07:31:48.755Z]info:  Message: backend Server started at port 3000 on 12/21/2023, 1:01:48 PM |
[2023-12-21T07:31:54.759Z]info:  Message: MongoDB server succesfully connected on 12/21/2023, 1:01:54 PM |
[2023-12-21T07:32:24.519Z]info:  Message: MongoDB server succesfully connected on 12/21/2023, 1:02:24 PM |
[2023-12-21T07:32:24.525Z]info:  Message: backend Server started at port 3000 on 12/21/2023, 1:02:24 PM |
[2023-12-21T07:33:40.947Z]info:  Message: MongoDB server succesfully connected on 12/21/2023, 1:03:40 PM |
[2023-12-21T07:33:40.952Z]info:  Message: Backend Server started at port 3000 on 12/21/2023, 1:03:40 PM |
[2023-12-21T07:33:43.791Z]info:  Message: Socket Authentication Succesfull |
[2023-12-21T07:33:50.629Z]info:  Message: MongoDB server succesfully connected on 12/21/2023, 1:03:50 PM |
[2023-12-21T07:33:50.634Z]info:  Message: Backend server started at port 3000 on 12/21/2023, 1:03:50 PM |
[2023-12-21T07:33:50.791Z]info:  Message: Socket authentication succesfull |
[2023-12-21T07:34:00.291Z]info:  Message: MongoDB server succesfully connected on 12/21/2023, 1:04:00 PM |
[2023-12-21T07:34:00.300Z]info:  Message: Backend server started at port 3000 on 12/21/2023, 1:04:00 PM |
[2023-12-21T07:34:00.790Z]info:  Message: Socket authentication succesfull |
[2023-12-21T07:34:36.195Z]info:  Message: MongoDB server succesfully connected on 12/21/2023, 1:04:36 PM |
[2023-12-21T07:34:36.201Z]info:  Message: Backend server started at port 3000 on 12/21/2023, 1:04:36 PM |
[2023-12-21T07:34:38.787Z]info:  Message: Socket authentication succesfull |
[2023-12-21T07:34:41.530Z]info:  Message: MongoDB server succesfully connected on 12/21/2023, 1:04:41 PM |
[2023-12-21T07:34:41.536Z]info:  Message: Backend server started at port 3000 on 12/21/2023, 1:04:41 PM |
[2023-12-21T07:34:42.798Z]info:  Message: Socket authentication succesfull |
[2023-12-21T07:34:57.666Z]info:  Message: MongoDB server succesfully connected on 12/21/2023, 1:04:57 PM |
[2023-12-21T07:34:57.680Z]info:  Message: Backend server started at port 3000 on 12/21/2023, 1:04:57 PM |
[2023-12-21T07:35:51.261Z]info:  Message: MongoDB server succesfully connected on 12/21/2023, 1:05:51 PM |
[2023-12-21T07:35:51.266Z]info:  Message: Backend server started at port 3000 on 12/21/2023, 1:05:51 PM |
[2023-12-21T07:35:51.695Z]info:  Message: Socket authentication succesfull |
[2023-12-21T07:40:35.699Z]info:  Message: MongoDB server succesfully connected on 12/21/2023, 1:10:35 PM |
[2023-12-21T07:40:35.711Z]info:  Message: Backend server started at port 3000 on 12/21/2023, 1:10:35 PM |
[2023-12-21T07:40:36.806Z]info:  Message: Socket authentication succesfull |
